This is e-upTeX, Version 3.141592653-p4.1.2-u2.02-251130-2.6 (utf8.uptex) (TeX Live 2026) (preloaded format=uplatex 2026.7.6)  6 JUL 2026 17:57
entering extended mode
 restricted \write18 enabled.
 %&-line parsing enabled.
**layout.tex
(./layout.tex
pLaTeX2e <2023-02-14u04>+1, based on
LaTeX2e <2025-11-01>
L3 programming layer <2026-01-19>
)
*x

! LaTeX Error: Missing \begin{document}.

See the LaTeX manual or LaTeX Companion for explanation.
Type  H <return>  for immediate help.
 ...                                              
                                                  
<*> x
     
? 
! Emergency stop.
 ...                                              
                                                  
<*> x
     
You're in trouble here.  Try typing  <return>  to proceed.
If that doesn't work, type  X <return>  to quit.

 
Here is how much of TeX's memory you used:
 16 strings out of 468171
 421 string characters out of 5434474
 426601 words of memory out of 5000000
 29032 multiletter control sequences out of 15000+600000
 630362 words of font info for 58 fonts, out of 8000000 for 9000
 929 hyphenation exceptions out of 8191
 15i,0n,23p,71b,18s stack positions out of 10000i,1000n,20000p,200000b,200000s
No pages of output.
